# JRE version: Java(TM) SE Runtime Environment (8.0_60-b23) (build 1.8.0_60-ea-b23)
# Java VM: Java HotSpot(TM) 64-Bit Server VM (25.60-b22 mixed mode windows-amd64 compressed oops)
Heap:
 PSYoungGen      total 37376K, used 638K [0x00000000eb300000, 0x00000000eda00000, 0x0000000100000000)
  eden space 34816K, 1% used [0x00000000eb300000,0x00000000eb39f9e8,0x00000000ed500000)
  from space 2560K, 0% used [0x00000000ed780000,0x00000000ed780000,0x00000000eda00000)
  to   space 2560K, 0% used [0x00000000ed500000,0x00000000ed500000,0x00000000ed780000)
 ParOldGen       total 146944K, used 64857K [0x00000000c1800000, 0x00000000ca780000, 0x00000000eb300000)
  object space 146944K, 44% used [0x00000000c1800000,0x00000000c57566e8,0x00000000ca780000)
 Metaspace       used 18807K, capacity 19106K, committed 19328K, reserved 1067008K
  class space    used 2271K, capacity 2381K, committed 2432K, reserved 1048576K
GC Heap History (10 events):
Event: 7.761 GC heap before
{Heap before GC invocations=10 (full 4):
 PSYoungGen      total 35840K, used 144K [0x00000000eb300000, 0x00000000eda00000, 0x0000000100000000)
  eden space 34816K, 0% used [0x00000000eb300000,0x00000000eb300000,0x00000000ed500000)
  from space 1024K, 14% used [0x00000000ed900000,0x00000000ed924010,0x00000000eda00000)
  to   space 2560K, 0% used [0x00000000ed500000,0x00000000ed500000,0x00000000ed780000)
 ParOldGen       total 146944K, used 46611K [0x00000000c1800000, 0x00000000ca780000, 0x00000000eb300000)
  object space 146944K, 31% used [0x00000000c1800000,0x00000000c4584ea8,0x00000000ca780000)
 Metaspace       used 18017K, capacity 18210K, committed 18432K, reserved 1064960K
  class space    used 2203K, capacity 2281K, committed 2304K, reserved 1048576K
Event: 7.824 GC heap after
Heap after GC invocations=10 (full 4):
 PSYoungGen      total 35840K, used 0K [0x00000000eb300000, 0x00000000eda00000, 0x0000000100000000)
  eden space 34816K, 0% used [0x00000000eb300000,0x00000000eb300000,0x00000000ed500000)
  from space 1024K, 0% used [0x00000000ed900000,0x00000000ed900000,0x00000000eda00000)
  to   space 2560K, 0% used [0x00000000ed500000,0x00000000ed500000,0x00000000ed780000)
 ParOldGen       total 146944K, used 46689K [0x00000000c1800000, 0x00000000ca780000, 0x00000000eb300000)
  object space 146944K, 31% used [0x00000000c1800000,0x00000000c4598428,0x00000000ca780000)
 Metaspace       used 18017K, capacity 18210K, committed 18432K, reserved 1064960K
  class space    used 2203K, capacity 2281K, committed 2304K, reserved 1048576K
}
Event: 8.638 GC heap before
{Heap before GC invocations=11 (full 4):
 PSYoungGen      total 35840K, used 4624K [0x00000000eb300000, 0x00000000eda00000, 0x0000000100000000)
  eden space 34816K, 13% used [0x00000000eb300000,0x00000000eb7840a8,0x00000000ed500000)
  from space 1024K, 0% used [0x00000000ed900000,0x00000000ed900000,0x00000000eda00000)
  to   space 2560K, 0% used [0x00000000ed500000,0x00000000ed500000,0x00000000ed780000)
 ParOldGen       total 146944K, used 46689K [0x00000000c1800000, 0x00000000ca780000, 0x00000000eb300000)
  object space 146944K, 31% used [0x00000000c1800000,0x00000000c4598428,0x00000000ca780000)
 Metaspace       used 18221K, capacity 18466K, committed 18816K, reserved 1064960K
  class space    used 2248K, capacity 2345K, committed 2432K, reserved 1048576K
Event: 8.664 GC heap after
Heap after GC invocations=11 (full 4):
 PSYoungGen      total 37376K, used 160K [0x00000000eb300000, 0x00000000eda00000, 0x0000000100000000)
  eden space 34816K, 0% used [0x00000000eb300000,0x00000000eb300000,0x00000000ed500000)
  from space 2560K, 6% used [0x00000000ed500000,0x00000000ed528000,0x00000000ed780000)
  to   space 2560K, 0% used [0x00000000ed780000,0x00000000ed780000,0x00000000eda00000)
 ParOldGen       total 146944K, used 54062K [0x00000000c1800000, 0x00000000ca780000, 0x00000000eb300000)
  object space 146944K, 36% used [0x00000000c1800000,0x00000000c4ccb988,0x00000000ca780000)
 Metaspace       used 18221K, capacity 18466K, committed 18816K, reserved 1064960K
  class space    used 2248K, capacity 2345K, committed 2432K, reserved 1048576K
}
Event: 8.664 GC heap before
{Heap before GC invocations=12 (full 5):
 PSYoungGen      total 37376K, used 160K [0x00000000eb300000, 0x00000000eda00000, 0x0000000100000000)
  eden space 34816K, 0% used [0x00000000eb300000,0x00000000eb300000,0x00000000ed500000)
  from space 2560K, 6% used [0x00000000ed500000,0x00000000ed528000,0x00000000ed780000)
  to   space 2560K, 0% used [0x00000000ed780000,0x00000000ed780000,0x00000000eda00000)
 ParOldGen       total 146944K, used 54062K [0x00000000c1800000, 0x00000000ca780000, 0x00000000eb300000)
  object space 146944K, 36% used [0x00000000c1800000,0x00000000c4ccb988,0x00000000ca780000)
 Metaspace       used 18221K, capacity 18466K, committed 18816K, reserved 1064960K
  class space    used 2248K, capacity 2345K, committed 2432K, reserved 1048576K
Event: 8.740 GC heap after
Heap after GC invocations=12 (full 5):
 PSYoungGen      total 37376K, used 0K [0x00000000eb300000, 0x00000000eda00000, 0x0000000100000000)
  eden space 34816K, 0% used [0x00000000eb300000,0x00000000eb300000,0x00000000ed500000)
  from space 2560K, 0% used [0x00000000ed500000,0x00000000ed500000,0x00000000ed780000)
  to   space 2560K, 0% used [0x00000000ed780000,0x00000000ed780000,0x00000000eda00000)
 ParOldGen       total 146944K, used 50416K [0x00000000c1800000, 0x00000000ca780000, 0x00000000eb300000)
  object space 146944K, 34% used [0x00000000c1800000,0x00000000c493c110,0x00000000ca780000)
 Metaspace       used 18221K, capacity 18466K, committed 18816K, reserved 1064960K
  class space    used 2248K, capacity 2345K, committed 2432K, reserved 1048576K
}
Event: 10.053 GC heap before
{Heap before GC invocations=13 (full 5):
 PSYoungGen      total 37376K, used 29817K [0x00000000eb300000, 0x00000000eda00000, 0x0000000100000000)
  eden space 34816K, 85% used [0x00000000eb300000,0x00000000ed01e7a0,0x00000000ed500000)
  from space 2560K, 0% used [0x00000000ed500000,0x00000000ed500000,0x00000000ed780000)
  to   space 2560K, 0% used [0x00000000ed780000,0x00000000ed780000,0x00000000eda00000)
 ParOldGen       total 146944K, used 50416K [0x00000000c1800000, 0x00000000ca780000, 0x00000000eb300000)
  object space 146944K, 34% used [0x00000000c1800000,0x00000000c493c110,0x00000000ca780000)
 Metaspace       used 18760K, capacity 19100K, committed 19328K, reserved 1067008K
  class space    used 2266K, capacity 2380K, committed 2432K, reserved 1048576K
Event: 10.079 GC heap after
Heap after GC invocations=13 (full 5):
 PSYoungGen      total 37376K, used 288K [0x00000000eb300000, 0x00000000eda00000, 0x0000000100000000)
  eden space 34816K, 0% used [0x00000000eb300000,0x00000000eb300000,0x00000000ed500000)
  from space 2560K, 11% used [0x00000000ed780000,0x00000000ed7c8020,0x00000000eda00000)
  to   space 2560K, 0% used [0x00000000ed500000,0x00000000ed500000,0x00000000ed780000)
 ParOldGen       total 146944K, used 75225K [0x00000000c1800000, 0x00000000ca780000, 0x00000000eb300000)
  object space 146944K, 51% used [0x00000000c1800000,0x00000000c61767e0,0x00000000ca780000)
 Metaspace       used 18760K, capacity 19100K, committed 19328K, reserved 1067008K
  class space    used 2266K, capacity 2380K, committed 2432K, reserved 1048576K
}
Event: 10.079 GC heap before
{Heap before GC invocations=14 (full 6):
 PSYoungGen      total 37376K, used 288K [0x00000000eb300000, 0x00000000eda00000, 0x0000000100000000)
  eden space 34816K, 0% used [0x00000000eb300000,0x00000000eb300000,0x00000000ed500000)
  from space 2560K, 11% used [0x00000000ed780000,0x00000000ed7c8020,0x00000000eda00000)
  to   space 2560K, 0% used [0x00000000ed500000,0x00000000ed500000,0x00000000ed780000)
 ParOldGen       total 146944K, used 75225K [0x00000000c1800000, 0x00000000ca780000, 0x00000000eb300000)
  object space 146944K, 51% used [0x00000000c1800000,0x00000000c61767e0,0x00000000ca780000)
 Metaspace       used 18760K, capacity 19100K, committed 19328K, reserved 1067008K
  class space    used 2266K, capacity 2380K, committed 2432K, reserved 1048576K
Event: 10.151 GC heap after
Heap after GC invocations=14 (full 6):
 PSYoungGen      total 37376K, used 0K [0x00000000eb300000, 0x00000000eda00000, 0x0000000100000000)
  eden space 34816K, 0% used [0x00000000eb300000,0x00000000eb300000,0x00000000ed500000)
  from space 2560K, 0% used [0x00000000ed780000,0x00000000ed780000,0x00000000eda00000)
  to   space 2560K, 0% used [0x00000000ed500000,0x00000000ed500000,0x00000000ed780000)
 ParOldGen       total 146944K, used 64857K [0x00000000c1800000, 0x00000000ca780000, 0x00000000eb300000)
  object space 146944K, 44% used [0x00000000c1800000,0x00000000c57566e8,0x00000000ca780000)
 Metaspace       used 18760K, capacity 19100K, committed 19328K, reserved 1067008K
  class space    used 2266K, capacity 2380K, committed 2432K, reserved 1048576K
}

