# JRE version: Java(TM) SE Runtime Environment (8.0_101-b13) (build 1.8.0_101-b13)
# Java VM: Java HotSpot(TM) 64-Bit Server VM (25.101-b13 mixed mode windows-amd64 compressed oops)
Heap:
 PSYoungGen      total 31744K, used 19741K [0x00000000eb300000, 0x00000000eee00000, 0x0000000100000000)
  eden space 31232K, 63% used [0x00000000eb300000,0x00000000ec637778,0x00000000ed180000)
  from space 512K, 12% used [0x00000000eed00000,0x00000000eed10000,0x00000000eed80000)
  to   space 512K, 0% used [0x00000000eed80000,0x00000000eed80000,0x00000000eee00000)
 ParOldGen       total 139264K, used 100942K [0x00000000c1800000, 0x00000000ca000000, 0x00000000eb300000)
  object space 139264K, 72% used [0x00000000c1800000,0x00000000c7a93888,0x00000000ca000000)
 Metaspace       used 21956K, capacity 22277K, committed 22400K, reserved 1069056K
  class space    used 2509K, capacity 2631K, committed 2688K, reserved 1048576K
GC Heap History (10 events):
Event: 600.939 GC heap before
{Heap before GC invocations=1059 (full 12):
 PSYoungGen      total 31232K, used 30752K [0x00000000eb300000, 0x00000000eee00000, 0x0000000100000000)
  eden space 30720K, 100% used [0x00000000eb300000,0x00000000ed100000,0x00000000ed100000)
  from space 512K, 6% used [0x00000000eed80000,0x00000000eed88000,0x00000000eee00000)
  to   space 512K, 0% used [0x00000000eed00000,0x00000000eed00000,0x00000000eed80000)
 ParOldGen       total 139264K, used 100942K [0x00000000c1800000, 0x00000000ca000000, 0x00000000eb300000)
  object space 139264K, 72% used [0x00000000c1800000,0x00000000c7a93888,0x00000000ca000000)
 Metaspace       used 21716K, capacity 22053K, committed 22400K, reserved 1069056K
  class space    used 2471K, capacity 2599K, committed 2688K, reserved 1048576K
Event: 600.941 GC heap after
Heap after GC invocations=1059 (full 12):
 PSYoungGen      total 31232K, used 64K [0x00000000eb300000, 0x00000000eee00000, 0x0000000100000000)
  eden space 30720K, 0% used [0x00000000eb300000,0x00000000eb300000,0x00000000ed100000)
  from space 512K, 12% used [0x00000000eed00000,0x00000000eed10000,0x00000000eed80000)
  to   space 512K, 0% used [0x00000000eed80000,0x00000000eed80000,0x00000000eee00000)
 ParOldGen       total 139264K, used 100942K [0x00000000c1800000, 0x00000000ca000000, 0x00000000eb300000)
  object space 139264K, 72% used [0x00000000c1800000,0x00000000c7a93888,0x00000000ca000000)
 Metaspace       used 21716K, capacity 22053K, committed 22400K, reserved 1069056K
  class space    used 2471K, capacity 2599K, committed 2688K, reserved 1048576K
}
Event: 601.406 GC heap before
{Heap before GC invocations=1060 (full 12):
 PSYoungGen      total 31232K, used 30784K [0x00000000eb300000, 0x00000000eee00000, 0x0000000100000000)
  eden space 30720K, 100% used [0x00000000eb300000,0x00000000ed100000,0x00000000ed100000)
  from space 512K, 12% used [0x00000000eed00000,0x00000000eed10000,0x00000000eed80000)
  to   space 512K, 0% used [0x00000000eed80000,0x00000000eed80000,0x00000000eee00000)
 ParOldGen       total 139264K, used 100942K [0x00000000c1800000, 0x00000000ca000000, 0x00000000eb300000)
  object space 139264K, 72% used [0x00000000c1800000,0x00000000c7a93888,0x00000000ca000000)
 Metaspace       used 21716K, capacity 22053K, committed 22400K, reserved 1069056K
  class space    used 2471K, capacity 2599K, committed 2688K, reserved 1048576K
Event: 601.418 GC heap after
Heap after GC invocations=1060 (full 12):
 PSYoungGen      total 31744K, used 32K [0x00000000eb300000, 0x00000000eee00000, 0x0000000100000000)
  eden space 31232K, 0% used [0x00000000eb300000,0x00000000eb300000,0x00000000ed180000)
  from space 512K, 6% used [0x00000000eed80000,0x00000000eed88000,0x00000000eee00000)
  to   space 512K, 0% used [0x00000000eed00000,0x00000000eed00000,0x00000000eed80000)
 ParOldGen       total 139264K, used 100942K [0x00000000c1800000, 0x00000000ca000000, 0x00000000eb300000)
  object space 139264K, 72% used [0x00000000c1800000,0x00000000c7a93888,0x00000000ca000000)
 Metaspace       used 21716K, capacity 22053K, committed 22400K, reserved 1069056K
  class space    used 2471K, capacity 2599K, committed 2688K, reserved 1048576K
}
Event: 601.864 GC heap before
{Heap before GC invocations=1061 (full 12):
 PSYoungGen      total 31744K, used 31264K [0x00000000eb300000, 0x00000000eee00000, 0x0000000100000000)
  eden space 31232K, 100% used [0x00000000eb300000,0x00000000ed180000,0x00000000ed180000)
  from space 512K, 6% used [0x00000000eed80000,0x00000000eed88000,0x00000000eee00000)
  to   space 512K, 0% used [0x00000000eed00000,0x00000000eed00000,0x00000000eed80000)
 ParOldGen       total 139264K, used 100942K [0x00000000c1800000, 0x00000000ca000000, 0x00000000eb300000)
  object space 139264K, 72% used [0x00000000c1800000,0x00000000c7a93888,0x00000000ca000000)
 Metaspace       used 21716K, capacity 22053K, committed 22400K, reserved 1069056K
  class space    used 2471K, capacity 2599K, committed 2688K, reserved 1048576K
Event: 601.867 GC heap after
Heap after GC invocations=1061 (full 12):
 PSYoungGen      total 31232K, used 32K [0x00000000eb300000, 0x00000000eee00000, 0x0000000100000000)
  eden space 30720K, 0% used [0x00000000eb300000,0x00000000eb300000,0x00000000ed100000)
  from space 512K, 6% used [0x00000000eed00000,0x00000000eed08000,0x00000000eed80000)
  to   space 512K, 0% used [0x00000000eed80000,0x00000000eed80000,0x00000000eee00000)
 ParOldGen       total 139264K, used 100942K [0x00000000c1800000, 0x00000000ca000000, 0x00000000eb300000)
  object space 139264K, 72% used [0x00000000c1800000,0x00000000c7a93888,0x00000000ca000000)
 Metaspace       used 21716K, capacity 22053K, committed 22400K, reserved 1069056K
  class space    used 2471K, capacity 2599K, committed 2688K, reserved 1048576K
}
Event: 602.331 GC heap before
{Heap before GC invocations=1062 (full 12):
 PSYoungGen      total 31232K, used 30752K [0x00000000eb300000, 0x00000000eee00000, 0x0000000100000000)
  eden space 30720K, 100% used [0x00000000eb300000,0x00000000ed100000,0x00000000ed100000)
  from space 512K, 6% used [0x00000000eed00000,0x00000000eed08000,0x00000000eed80000)
  to   space 512K, 0% used [0x00000000eed80000,0x00000000eed80000,0x00000000eee00000)
 ParOldGen       total 139264K, used 100942K [0x00000000c1800000, 0x00000000ca000000, 0x00000000eb300000)
  object space 139264K, 72% used [0x00000000c1800000,0x00000000c7a93888,0x00000000ca000000)
 Metaspace       used 21716K, capacity 22053K, committed 22400K, reserved 1069056K
  class space    used 2471K, capacity 2599K, committed 2688K, reserved 1048576K
Event: 602.332 GC heap after
Heap after GC invocations=1062 (full 12):
 PSYoungGen      total 31232K, used 32K [0x00000000eb300000, 0x00000000eee00000, 0x0000000100000000)
  eden space 30720K, 0% used [0x00000000eb300000,0x00000000eb300000,0x00000000ed100000)
  from space 512K, 6% used [0x00000000eed80000,0x00000000eed88000,0x00000000eee00000)
  to   space 512K, 0% used [0x00000000eed00000,0x00000000eed00000,0x00000000eed80000)
 ParOldGen       total 139264K, used 100942K [0x00000000c1800000, 0x00000000ca000000, 0x00000000eb300000)
  object space 139264K, 72% used [0x00000000c1800000,0x00000000c7a93888,0x00000000ca000000)
 Metaspace       used 21716K, capacity 22053K, committed 22400K, reserved 1069056K
  class space    used 2471K, capacity 2599K, committed 2688K, reserved 1048576K
}
Event: 603.058 GC heap before
{Heap before GC invocations=1063 (full 12):
 PSYoungGen      total 31232K, used 30752K [0x00000000eb300000, 0x00000000eee00000, 0x0000000100000000)
  eden space 30720K, 100% used [0x00000000eb300000,0x00000000ed100000,0x00000000ed100000)
  from space 512K, 6% used [0x00000000eed80000,0x00000000eed88000,0x00000000eee00000)
  to   space 512K, 0% used [0x00000000eed00000,0x00000000eed00000,0x00000000eed80000)
 ParOldGen       total 139264K, used 100942K [0x00000000c1800000, 0x00000000ca000000, 0x00000000eb300000)
  object space 139264K, 72% used [0x00000000c1800000,0x00000000c7a93888,0x00000000ca000000)
 Metaspace       used 21716K, capacity 22053K, committed 22400K, reserved 1069056K
  class space    used 2471K, capacity 2599K, committed 2688K, reserved 1048576K
Event: 603.143 GC heap after
Heap after GC invocations=1063 (full 12):
 PSYoungGen      total 31744K, used 64K [0x00000000eb300000, 0x00000000eee00000, 0x0000000100000000)
  eden space 31232K, 0% used [0x00000000eb300000,0x00000000eb300000,0x00000000ed180000)
  from space 512K, 12% used [0x00000000eed00000,0x00000000eed10000,0x00000000eed80000)
  to   space 512K, 0% used [0x00000000eed80000,0x00000000eed80000,0x00000000eee00000)
 ParOldGen       total 139264K, used 100942K [0x00000000c1800000, 0x00000000ca000000, 0x00000000eb300000)
  object space 139264K, 72% used [0x00000000c1800000,0x00000000c7a93888,0x00000000ca000000)
 Metaspace       used 21716K, capacity 22053K, committed 22400K, reserved 1069056K
  class space    used 2471K, capacity 2599K, committed 2688K, reserved 1048576K
}

